2025-10-28 15:55:48 [main] INFO  com.erp.valid.ValidApplication - Starting ValidApplication using Java 23 with PID 1812 (C:\Users\mmousa\Desktop\valid\target\classes started by Mmousa in C:\Users\mmousa\Desktop\valid)
2025-10-28 15:55:48 [main] DEBUG com.erp.valid.ValidApplication - Running with Spring Boot v3.5.6, Spring v6.2.11
2025-10-28 15:55:48 [main] INFO  com.erp.valid.ValidApplication - No active profile set, falling back to 1 default profile: "default"
2025-10-28 15:55:49 [main] INFO  o.a.catalina.core.StandardService - Starting service [Tomcat]
2025-10-28 15:55:49 [main] INFO  o.a.catalina.core.StandardEngine - Starting Servlet engine: [Apache Tomcat/10.1.46]
2025-10-28 15:55:50 [main] INFO  o.a.c.c.C.[Tomcat].[localhost].[/] - Initializing Spring embedded WebApplicationContext
2025-10-28 15:55:50 [main] DEBUG c.e.v.config.JwtAuthenticationFilter - Filter 'jwtAuthenticationFilter' configured for use
2025-10-28 15:55:50 [main] INFO  o.h.jpa.internal.util.LogHelper - HHH000204: Processing PersistenceUnitInfo [name: default]
2025-10-28 15:55:50 [main] INFO  org.hibernate.Version - HHH000412: Hibernate ORM core version 6.6.29.Final
2025-10-28 15:55:50 [main] INFO  o.h.c.i.RegionFactoryInitiator - HHH000026: Second-level cache disabled
2025-10-28 15:55:50 [main] INFO  com.zaxxer.hikari.HikariDataSource - HikariPool-1 - Starting...
2025-10-28 15:55:50 [main] INFO  com.zaxxer.hikari.pool.HikariPool - HikariPool-1 - Added connection conn0: url=jdbc:h2:mem:erpdb user=SA
2025-10-28 15:55:50 [main] INFO  com.zaxxer.hikari.HikariDataSource - HikariPool-1 - Start completed.
2025-10-28 15:55:50 [main] WARN  org.hibernate.orm.deprecation - HHH90000025: H2Dialect does not need to be specified explicitly using 'hibernate.dialect' (remove the property setting and it will be selected by default)
2025-10-28 15:55:50 [main] INFO  o.hibernate.orm.connections.pooling - HHH10001005: Database info:
	Database JDBC URL [Connecting through datasource 'HikariDataSource (HikariPool-1)']
	Database driver: undefined/unknown
	Database version: 2.3.232
	Autocommit mode: undefined/unknown
	Isolation level: undefined/unknown
	Minimum pool size: undefined/unknown
	Maximum pool size: undefined/unknown
2025-10-28 15:55:55 [main] INFO  o.h.e.t.j.p.i.JtaPlatformInitiator - HHH000489: No JTA platform available (set 'hibernate.transaction.jta.platform' to enable JTA platform integration)
2025-10-28 15:55:56 [main] WARN  o.s.b.a.o.j.JpaBaseConfiguration$JpaWebConfiguration - spring.jpa.open-in-view is enabled by default. Therefore, database queries may be performed during view rendering. Explicitly configure spring.jpa.open-in-view to disable this warning
2025-10-28 15:55:56 [main] WARN  o.s.b.a.s.s.UserDetailsServiceAutoConfiguration - 

Using generated security password: 14d86ae8-fa98-4b9d-8387-7b2086869751

This generated password is for development use only. Your security configuration must be updated before running your application in production.

2025-10-28 15:55:56 [main] INFO  com.erp.valid.ValidApplication - Started ValidApplication in 9.087 seconds (process running for 10.173)
2025-10-28 15:55:57 [http-nio-8082-exec-1] INFO  o.a.c.c.C.[Tomcat].[localhost].[/] - Initializing Spring DispatcherServlet 'dispatcherServlet'
2025-10-28 15:56:38 [SpringApplicationShutdownHook] INFO  com.zaxxer.hikari.HikariDataSource - HikariPool-1 - Shutdown initiated...
2025-10-28 15:56:38 [SpringApplicationShutdownHook] INFO  com.zaxxer.hikari.HikariDataSource - HikariPool-1 - Shutdown completed.
2025-10-28 15:56:43 [main] INFO  com.erp.valid.ValidApplication - Starting ValidApplication using Java 23 with PID 13784 (C:\Users\mmousa\Desktop\valid\target\classes started by Mmousa in C:\Users\mmousa\Desktop\valid)
2025-10-28 15:56:43 [main] DEBUG com.erp.valid.ValidApplication - Running with Spring Boot v3.5.6, Spring v6.2.11
2025-10-28 15:56:43 [main] INFO  com.erp.valid.ValidApplication - No active profile set, falling back to 1 default profile: "default"
2025-10-28 15:56:45 [main] INFO  o.a.catalina.core.StandardService - Starting service [Tomcat]
2025-10-28 15:56:45 [main] INFO  o.a.catalina.core.StandardEngine - Starting Servlet engine: [Apache Tomcat/10.1.46]
2025-10-28 15:56:45 [main] INFO  o.a.c.c.C.[Tomcat].[localhost].[/] - Initializing Spring embedded WebApplicationContext
2025-10-28 15:56:45 [main] DEBUG c.e.v.config.JwtAuthenticationFilter - Filter 'jwtAuthenticationFilter' configured for use
2025-10-28 15:56:45 [main] INFO  o.h.jpa.internal.util.LogHelper - HHH000204: Processing PersistenceUnitInfo [name: default]
2025-10-28 15:56:45 [main] INFO  org.hibernate.Version - HHH000412: Hibernate ORM core version 6.6.29.Final
2025-10-28 15:56:45 [main] INFO  o.h.c.i.RegionFactoryInitiator - HHH000026: Second-level cache disabled
2025-10-28 15:56:46 [main] INFO  com.zaxxer.hikari.HikariDataSource - HikariPool-1 - Starting...
2025-10-28 15:56:46 [main] INFO  com.zaxxer.hikari.pool.HikariPool - HikariPool-1 - Added connection conn0: url=jdbc:h2:mem:erpdb user=SA
2025-10-28 15:56:46 [main] INFO  com.zaxxer.hikari.HikariDataSource - HikariPool-1 - Start completed.
2025-10-28 15:56:46 [main] WARN  org.hibernate.orm.deprecation - HHH90000025: H2Dialect does not need to be specified explicitly using 'hibernate.dialect' (remove the property setting and it will be selected by default)
2025-10-28 15:56:46 [main] INFO  o.hibernate.orm.connections.pooling - HHH10001005: Database info:
	Database JDBC URL [Connecting through datasource 'HikariDataSource (HikariPool-1)']
	Database driver: undefined/unknown
	Database version: 2.3.232
	Autocommit mode: undefined/unknown
	Isolation level: undefined/unknown
	Minimum pool size: undefined/unknown
	Maximum pool size: undefined/unknown
2025-10-28 15:56:47 [main] INFO  o.h.e.t.j.p.i.JtaPlatformInitiator - HHH000489: No JTA platform available (set 'hibernate.transaction.jta.platform' to enable JTA platform integration)
2025-10-28 15:56:47 [main] WARN  o.s.b.a.o.j.JpaBaseConfiguration$JpaWebConfiguration - spring.jpa.open-in-view is enabled by default. Therefore, database queries may be performed during view rendering. Explicitly configure spring.jpa.open-in-view to disable this warning
2025-10-28 15:56:48 [main] WARN  o.s.b.a.s.s.UserDetailsServiceAutoConfiguration - 

Using generated security password: b6fb0716-5ebb-465c-ac3a-c8b4d8db30b0

This generated password is for development use only. Your security configuration must be updated before running your application in production.

2025-10-28 15:56:48 [main] INFO  com.erp.valid.ValidApplication - Started ValidApplication in 5.005 seconds (process running for 5.821)
2025-10-28 15:56:51 [http-nio-8082-exec-1] INFO  o.a.c.c.C.[Tomcat].[localhost].[/] - Initializing Spring DispatcherServlet 'dispatcherServlet'
2025-10-28 15:58:51 [SpringApplicationShutdownHook] INFO  com.zaxxer.hikari.HikariDataSource - HikariPool-1 - Shutdown initiated...
2025-10-28 15:58:51 [SpringApplicationShutdownHook] INFO  com.zaxxer.hikari.HikariDataSource - HikariPool-1 - Shutdown completed.
2025-10-28 15:59:00 [main] INFO  com.erp.valid.ValidApplication - Starting ValidApplication using Java 23 with PID 21484 (C:\Users\mmousa\Desktop\valid\target\classes started by Mmousa in C:\Users\mmousa\Desktop\valid)
2025-10-28 15:59:00 [main] DEBUG com.erp.valid.ValidApplication - Running with Spring Boot v3.5.6, Spring v6.2.11
2025-10-28 15:59:00 [main] INFO  com.erp.valid.ValidApplication - No active profile set, falling back to 1 default profile: "default"
2025-10-28 15:59:01 [main] INFO  o.a.catalina.core.StandardService - Starting service [Tomcat]
2025-10-28 15:59:01 [main] INFO  o.a.catalina.core.StandardEngine - Starting Servlet engine: [Apache Tomcat/10.1.46]
2025-10-28 15:59:01 [main] INFO  o.a.c.c.C.[Tomcat].[localhost].[/] - Initializing Spring embedded WebApplicationContext
2025-10-28 15:59:01 [main] DEBUG c.e.v.config.JwtAuthenticationFilter - Filter 'jwtAuthenticationFilter' configured for use
2025-10-28 15:59:02 [main] INFO  o.h.jpa.internal.util.LogHelper - HHH000204: Processing PersistenceUnitInfo [name: default]
2025-10-28 15:59:02 [main] INFO  org.hibernate.Version - HHH000412: Hibernate ORM core version 6.6.29.Final
2025-10-28 15:59:02 [main] INFO  o.h.c.i.RegionFactoryInitiator - HHH000026: Second-level cache disabled
2025-10-28 15:59:02 [main] INFO  com.zaxxer.hikari.HikariDataSource - HikariPool-1 - Starting...
2025-10-28 15:59:02 [main] INFO  com.zaxxer.hikari.pool.HikariPool - HikariPool-1 - Added connection conn0: url=jdbc:h2:mem:erpdb user=SA
2025-10-28 15:59:02 [main] INFO  com.zaxxer.hikari.HikariDataSource - HikariPool-1 - Start completed.
2025-10-28 15:59:02 [main] WARN  org.hibernate.orm.deprecation - HHH90000025: H2Dialect does not need to be specified explicitly using 'hibernate.dialect' (remove the property setting and it will be selected by default)
2025-10-28 15:59:02 [main] INFO  o.hibernate.orm.connections.pooling - HHH10001005: Database info:
	Database JDBC URL [Connecting through datasource 'HikariDataSource (HikariPool-1)']
	Database driver: undefined/unknown
	Database version: 2.3.232
	Autocommit mode: undefined/unknown
	Isolation level: undefined/unknown
	Minimum pool size: undefined/unknown
	Maximum pool size: undefined/unknown
2025-10-28 15:59:03 [main] INFO  o.h.e.t.j.p.i.JtaPlatformInitiator - HHH000489: No JTA platform available (set 'hibernate.transaction.jta.platform' to enable JTA platform integration)
2025-10-28 15:59:04 [main] WARN  o.s.b.a.o.j.JpaBaseConfiguration$JpaWebConfiguration - spring.jpa.open-in-view is enabled by default. Therefore, database queries may be performed during view rendering. Explicitly configure spring.jpa.open-in-view to disable this warning
2025-10-28 15:59:04 [main] WARN  o.s.b.a.s.s.UserDetailsServiceAutoConfiguration - 

Using generated security password: 49ccd95f-fe9c-4ea1-8a0f-0dcdac823c42

This generated password is for development use only. Your security configuration must be updated before running your application in production.

2025-10-28 15:59:04 [main] INFO  com.erp.valid.ValidApplication - Started ValidApplication in 4.946 seconds (process running for 5.694)
2025-10-28 15:59:04 [http-nio-8082-exec-1] INFO  o.a.c.c.C.[Tomcat].[localhost].[/] - Initializing Spring DispatcherServlet 'dispatcherServlet'
