2025-10-28 16:02:34 [SpringApplicationShutdownHook] INFO  com.zaxxer.hikari.HikariDataSource - HikariPool-1 - Shutdown initiated...
2025-10-28 16:02:34 [SpringApplicationShutdownHook] INFO  com.zaxxer.hikari.HikariDataSource - HikariPool-1 - Shutdown completed.
2025-10-28 16:02:37 [main] INFO  com.erp.valid.ValidApplication - Starting ValidApplication using Java 23 with PID 5924 (C:\Users\mmousa\Desktop\valid\target\classes started by Mmousa in C:\Users\mmousa\Desktop\valid)
2025-10-28 16:02:37 [main] DEBUG com.erp.valid.ValidApplication - Running with Spring Boot v3.5.6, Spring v6.2.11
2025-10-28 16:02:37 [main] INFO  com.erp.valid.ValidApplication - No active profile set, falling back to 1 default profile: "default"
2025-10-28 16:02:38 [main] INFO  o.a.catalina.core.StandardService - Starting service [Tomcat]
2025-10-28 16:02:38 [main] INFO  o.a.catalina.core.StandardEngine - Starting Servlet engine: [Apache Tomcat/10.1.46]
2025-10-28 16:02:38 [main] INFO  o.a.c.c.C.[Tomcat].[localhost].[/] - Initializing Spring embedded WebApplicationContext
2025-10-28 16:02:38 [main] DEBUG c.e.v.config.JwtAuthenticationFilter - Filter 'jwtAuthenticationFilter' configured for use
2025-10-28 16:02:38 [main] INFO  o.h.jpa.internal.util.LogHelper - HHH000204: Processing PersistenceUnitInfo [name: default]
2025-10-28 16:02:38 [main] INFO  org.hibernate.Version - HHH000412: Hibernate ORM core version 6.6.29.Final
2025-10-28 16:02:38 [main] INFO  o.h.c.i.RegionFactoryInitiator - HHH000026: Second-level cache disabled
2025-10-28 16:02:39 [main] INFO  com.zaxxer.hikari.HikariDataSource - HikariPool-1 - Starting...
2025-10-28 16:02:39 [main] INFO  com.zaxxer.hikari.pool.HikariPool - HikariPool-1 - Added connection conn0: url=jdbc:h2:mem:erpdb user=SA
2025-10-28 16:02:39 [main] INFO  com.zaxxer.hikari.HikariDataSource - HikariPool-1 - Start completed.
2025-10-28 16:02:39 [main] WARN  org.hibernate.orm.deprecation - HHH90000025: H2Dialect does not need to be specified explicitly using 'hibernate.dialect' (remove the property setting and it will be selected by default)
2025-10-28 16:02:39 [main] INFO  o.hibernate.orm.connections.pooling - HHH10001005: Database info:
	Database JDBC URL [Connecting through datasource 'HikariDataSource (HikariPool-1)']
	Database driver: undefined/unknown
	Database version: 2.3.232
	Autocommit mode: undefined/unknown
	Isolation level: undefined/unknown
	Minimum pool size: undefined/unknown
	Maximum pool size: undefined/unknown
2025-10-28 16:02:40 [main] INFO  o.h.e.t.j.p.i.JtaPlatformInitiator - HHH000489: No JTA platform available (set 'hibernate.transaction.jta.platform' to enable JTA platform integration)
2025-10-28 16:02:40 [main] WARN  o.s.b.a.o.j.JpaBaseConfiguration$JpaWebConfiguration - spring.jpa.open-in-view is enabled by default. Therefore, database queries may be performed during view rendering. Explicitly configure spring.jpa.open-in-view to disable this warning
2025-10-28 16:02:41 [main] WARN  o.s.b.a.s.s.UserDetailsServiceAutoConfiguration - 

Using generated security password: d982d3ab-4415-485e-8087-42349b030a3f

This generated password is for development use only. Your security configuration must be updated before running your application in production.

2025-10-28 16:02:41 [main] INFO  com.erp.valid.ValidApplication - Started ValidApplication in 4.913 seconds (process running for 5.839)
2025-10-28 16:02:47 [http-nio-8082-exec-1] INFO  o.a.c.c.C.[Tomcat].[localhost].[/] - Initializing Spring DispatcherServlet 'dispatcherServlet'
2025-10-28 16:05:38 [SpringApplicationShutdownHook] INFO  com.zaxxer.hikari.HikariDataSource - HikariPool-1 - Shutdown initiated...
2025-10-28 16:05:38 [SpringApplicationShutdownHook] INFO  com.zaxxer.hikari.HikariDataSource - HikariPool-1 - Shutdown completed.
2025-10-28 16:05:46 [main] INFO  com.erp.valid.ValidApplication - Starting ValidApplication using Java 23 with PID 5632 (C:\Users\mmousa\Desktop\valid\target\classes started by Mmousa in C:\Users\mmousa\Desktop\valid)
2025-10-28 16:05:46 [main] DEBUG com.erp.valid.ValidApplication - Running with Spring Boot v3.3.5, Spring v6.1.14
2025-10-28 16:05:46 [main] INFO  com.erp.valid.ValidApplication - No active profile set, falling back to 1 default profile: "default"
2025-10-28 16:05:47 [main] INFO  o.a.catalina.core.StandardService - Starting service [Tomcat]
2025-10-28 16:05:47 [main] INFO  o.a.catalina.core.StandardEngine - Starting Servlet engine: [Apache Tomcat/10.1.31]
2025-10-28 16:05:47 [main] INFO  o.a.c.c.C.[Tomcat].[localhost].[/] - Initializing Spring embedded WebApplicationContext
2025-10-28 16:05:47 [main] DEBUG c.e.v.config.JwtAuthenticationFilter - Filter 'jwtAuthenticationFilter' configured for use
2025-10-28 16:05:48 [main] INFO  o.h.jpa.internal.util.LogHelper - HHH000204: Processing PersistenceUnitInfo [name: default]
2025-10-28 16:05:48 [main] INFO  org.hibernate.Version - HHH000412: Hibernate ORM core version 6.5.3.Final
2025-10-28 16:05:48 [main] INFO  o.h.c.i.RegionFactoryInitiator - HHH000026: Second-level cache disabled
2025-10-28 16:05:48 [main] INFO  com.zaxxer.hikari.HikariDataSource - HikariPool-1 - Starting...
2025-10-28 16:05:48 [main] INFO  com.zaxxer.hikari.pool.HikariPool - HikariPool-1 - Added connection conn0: url=jdbc:h2:mem:erpdb user=SA
2025-10-28 16:05:48 [main] INFO  com.zaxxer.hikari.HikariDataSource - HikariPool-1 - Start completed.
2025-10-28 16:05:48 [main] WARN  org.hibernate.orm.deprecation - HHH90000025: H2Dialect does not need to be specified explicitly using 'hibernate.dialect' (remove the property setting and it will be selected by default)
2025-10-28 16:05:49 [main] INFO  o.h.e.t.j.p.i.JtaPlatformInitiator - HHH000489: No JTA platform available (set 'hibernate.transaction.jta.platform' to enable JTA platform integration)
2025-10-28 16:05:50 [main] WARN  o.s.b.a.o.j.JpaBaseConfiguration$JpaWebConfiguration - spring.jpa.open-in-view is enabled by default. Therefore, database queries may be performed during view rendering. Explicitly configure spring.jpa.open-in-view to disable this warning
2025-10-28 16:05:50 [main] WARN  o.s.b.a.s.s.UserDetailsServiceAutoConfiguration - 

Using generated security password: 3ef05dba-7aa6-4642-b449-e893c82cd8ce

This generated password is for development use only. Your security configuration must be updated before running your application in production.

2025-10-28 16:05:50 [main] INFO  com.erp.valid.ValidApplication - Started ValidApplication in 4.466 seconds (process running for 5.176)
2025-10-28 16:05:56 [http-nio-8082-exec-1] INFO  o.a.c.c.C.[Tomcat].[localhost].[/] - Initializing Spring DispatcherServlet 'dispatcherServlet'
2025-10-28 16:05:56 [http-nio-8082-exec-8] INFO  o.s.api.AbstractOpenApiResource - Init duration for springdoc-openapi is: 213 ms
